INFO [2022-12-07 14:23:45] [[1]]
INFO [2022-12-07 14:23:45] x
INFO [2022-12-07 14:23:45] 
INFO [2022-12-07 14:23:45] $filename
INFO [2022-12-07 14:23:45] NULL
INFO [2022-12-07 14:23:45] 
INFO [2022-12-07 14:23:45] [[3]]
INFO [2022-12-07 14:23:45] ...
INFO [2022-12-07 14:23:45] 
INFO [2022-12-07 14:23:45] [[1]]
INFO [2022-12-07 14:23:45] x
INFO [2022-12-07 14:23:45] 
INFO [2022-12-07 14:23:45] $filename
INFO [2022-12-07 14:23:45] NULL
INFO [2022-12-07 14:23:45] 
INFO [2022-12-07 14:23:45] [[3]]
INFO [2022-12-07 14:23:45] ...
INFO [2022-12-07 14:23:45] 
INFO [2022-12-07 14:23:45] [[1]]
INFO [2022-12-07 14:23:45] x
INFO [2022-12-07 14:23:45] 
INFO [2022-12-07 14:23:45] $filename
INFO [2022-12-07 14:23:45] NULL
INFO [2022-12-07 14:23:45] 
INFO [2022-12-07 14:23:45] [[3]]
INFO [2022-12-07 14:23:45] ...
INFO [2022-12-07 14:23:45] 
