INFO [2022-12-07 12:51:35] [[1]]
INFO [2022-12-07 12:51:35] x
INFO [2022-12-07 12:51:35] 
INFO [2022-12-07 12:51:35] $filename
INFO [2022-12-07 12:51:35] NULL
INFO [2022-12-07 12:51:35] 
INFO [2022-12-07 12:51:35] [[3]]
INFO [2022-12-07 12:51:35] ...
INFO [2022-12-07 12:51:35] 
INFO [2022-12-07 12:51:35] [[1]]
INFO [2022-12-07 12:51:35] x
INFO [2022-12-07 12:51:35] 
INFO [2022-12-07 12:51:35] $filename
INFO [2022-12-07 12:51:35] NULL
INFO [2022-12-07 12:51:35] 
INFO [2022-12-07 12:51:35] [[3]]
INFO [2022-12-07 12:51:35] ...
INFO [2022-12-07 12:51:35] 
INFO [2022-12-07 12:51:35] [[1]]
INFO [2022-12-07 12:51:35] x
INFO [2022-12-07 12:51:35] 
INFO [2022-12-07 12:51:35] $filename
INFO [2022-12-07 12:51:35] NULL
INFO [2022-12-07 12:51:35] 
INFO [2022-12-07 12:51:35] [[3]]
INFO [2022-12-07 12:51:35] ...
INFO [2022-12-07 12:51:35] 
