INFO [2022-11-07 16:56:27] [[1]]
INFO [2022-11-07 16:56:27] x
INFO [2022-11-07 16:56:27] 
INFO [2022-11-07 16:56:27] $filename
INFO [2022-11-07 16:56:27] NULL
INFO [2022-11-07 16:56:27] 
INFO [2022-11-07 16:56:27] [[3]]
INFO [2022-11-07 16:56:27] ...
INFO [2022-11-07 16:56:27] 
INFO [2022-11-07 16:56:27] [[1]]
INFO [2022-11-07 16:56:27] x
INFO [2022-11-07 16:56:27] 
INFO [2022-11-07 16:56:27] $filename
INFO [2022-11-07 16:56:27] NULL
INFO [2022-11-07 16:56:27] 
INFO [2022-11-07 16:56:27] [[3]]
INFO [2022-11-07 16:56:27] ...
INFO [2022-11-07 16:56:27] 
INFO [2022-11-07 16:56:27] [[1]]
INFO [2022-11-07 16:56:27] x
INFO [2022-11-07 16:56:27] 
INFO [2022-11-07 16:56:27] $filename
INFO [2022-11-07 16:56:27] NULL
INFO [2022-11-07 16:56:27] 
INFO [2022-11-07 16:56:27] [[3]]
INFO [2022-11-07 16:56:27] ...
INFO [2022-11-07 16:56:27] 
