INFO [2022-11-07 16:56:28] [[1]]
INFO [2022-11-07 16:56:28] x
INFO [2022-11-07 16:56:28] 
INFO [2022-11-07 16:56:28] $filename
INFO [2022-11-07 16:56:28] NULL
INFO [2022-11-07 16:56:28] 
INFO [2022-11-07 16:56:28] [[3]]
INFO [2022-11-07 16:56:28] ...
INFO [2022-11-07 16:56:28] 
INFO [2022-11-07 16:56:28] [[1]]
INFO [2022-11-07 16:56:28] x
INFO [2022-11-07 16:56:28] 
INFO [2022-11-07 16:56:28] $filename
INFO [2022-11-07 16:56:28] NULL
INFO [2022-11-07 16:56:28] 
INFO [2022-11-07 16:56:28] [[3]]
INFO [2022-11-07 16:56:28] ...
INFO [2022-11-07 16:56:28] 
INFO [2022-11-07 16:56:28] [[1]]
INFO [2022-11-07 16:56:28] x
INFO [2022-11-07 16:56:28] 
INFO [2022-11-07 16:56:28] $filename
INFO [2022-11-07 16:56:28] NULL
INFO [2022-11-07 16:56:28] 
INFO [2022-11-07 16:56:28] [[3]]
INFO [2022-11-07 16:56:28] ...
INFO [2022-11-07 16:56:28] 
